【xkcoding】2019-01-09 18:17:15.845 DEBUG [main] o.s.w.c.s.StandardServletEnvironment - Adding PropertySource 'servletConfigInitParams' with lowest search precedence
【xkcoding】2019-01-09 18:17:15.847 DEBUG [main] o.s.w.c.s.StandardServletEnvironment - Adding PropertySource 'servletContextInitParams' with lowest search precedence
【xkcoding】2019-01-09 18:17:15.847 DEBUG [main] o.s.w.c.s.StandardServletEnvironment - Adding PropertySource 'systemProperties' with lowest search precedence
【xkcoding】2019-01-09 18:17:15.847 DEBUG [main] o.s.w.c.s.StandardServletEnvironment - Adding PropertySource 'systemEnvironment' with lowest search precedence
【xkcoding】2019-01-09 18:17:15.848 DEBUG [main] o.s.w.c.s.StandardServletEnvironment - Initialized StandardServletEnvironment with PropertySources [StubPropertySource {name='servletConfigInitParams'}, StubPropertySource {name='servletContextInitParams'}, MapPropertySource {name='systemProperties'}, SystemEnvironmentPropertySource {name='systemEnvironment'}]
【xkcoding】2019-01-09 18:17:15.885 INFO  [main] c.e.security.SecurityApplication - Starting SecurityApplication on DESKTOP-C4H0997 with PID 18772 (C:\Users\User\Documents\GitHub\springSecurityDemo\security\target\classes started by User in C:\Users\User\Documents\GitHub\springSecurityDemo)
【xkcoding】2019-01-09 18:17:15.885 INFO  [main] c.e.security.SecurityApplication - The following profiles are active: dev
【xkcoding】2019-01-09 18:17:15.929 INFO  [main] o.s.b.c.e.AnnotationConfigEmbeddedWebApplicationContext - Refreshing org.springframework.boot.context.embedded.AnnotationConfigEmbeddedWebApplicationContext@692f203f: startup date [Wed Jan 09 18:17:15 CST 2019]; root of context hierarchy
【xkcoding】2019-01-09 18:17:16.418 INFO  [background-preinit] o.h.validator.internal.util.Version - HV000001: Hibernate Validator 5.3.6.Final
【xkcoding】2019-01-09 18:17:17.854 DEBUG [main] o.s.w.c.s.StandardServletEnvironment - Adding PropertySource 'applicationConfig: [classpath:/application-dev.yml]' with search precedence immediately lower than 'applicationConfigurationProperties'
【xkcoding】2019-01-09 18:17:17.855 DEBUG [main] o.s.w.c.s.StandardServletEnvironment - Adding PropertySource 'applicationConfig: [classpath:/application.yml]' with search precedence immediately lower than 'applicationConfig: [classpath:/application-dev.yml]'
【xkcoding】2019-01-09 18:17:17.855 DEBUG [main] o.s.w.c.s.StandardServletEnvironment - Removing PropertySource 'applicationConfigurationProperties'
【xkcoding】2019-01-09 18:17:17.855 DEBUG [main] o.s.w.c.s.StandardServletEnvironment - Removing PropertySource 'defaultProperties'
【xkcoding】2019-01-09 18:17:20.506 INFO  [main] o.s.b.c.e.t.TomcatEmbeddedServletContainer - Tomcat initialized with port(s): 8086 (http)
【xkcoding】2019-01-09 18:17:20.577 INFO  [main] o.a.catalina.core.StandardService - Starting service [Tomcat]
【xkcoding】2019-01-09 18:17:20.578 INFO  [main] o.a.catalina.core.StandardEngine - Starting Servlet Engine: Apache Tomcat/8.5.23
【xkcoding】2019-01-09 18:17:21.341 INFO  [localhost-startStop-1] o.a.c.c.C.[Tomcat].[localhost].[/] - Initializing Spring embedded WebApplicationContext
【xkcoding】2019-01-09 18:17:21.341 DEBUG [localhost-startStop-1] o.s.web.context.ContextLoader - Published root WebApplicationContext as ServletContext attribute with name [org.springframework.web.context.WebApplicationContext.ROOT]
【xkcoding】2019-01-09 18:17:21.342 INFO  [localhost-startStop-1] o.s.web.context.ContextLoader - Root WebApplicationContext: initialization completed in 5413 ms
【xkcoding】2019-01-09 18:17:25.369 INFO  [localhost-startStop-1] o.s.b.w.s.FilterRegistrationBean - Mapping filter: 'characterEncodingFilter' to: [/*]
【xkcoding】2019-01-09 18:17:25.371 INFO  [localhost-startStop-1] o.s.b.w.s.FilterRegistrationBean - Mapping filter: 'hiddenHttpMethodFilter' to: [/*]
【xkcoding】2019-01-09 18:17:25.371 INFO  [localhost-startStop-1] o.s.b.w.s.FilterRegistrationBean - Mapping filter: 'httpPutFormContentFilter' to: [/*]
【xkcoding】2019-01-09 18:17:25.371 INFO  [localhost-startStop-1] o.s.b.w.s.FilterRegistrationBean - Mapping filter: 'requestContextFilter' to: [/*]
【xkcoding】2019-01-09 18:17:25.372 INFO  [localhost-startStop-1] o.s.b.w.s.DelegatingFilterProxyRegistrationBean - Mapping filter: 'springSecurityFilterChain' to: [/*]
【xkcoding】2019-01-09 18:17:25.372 INFO  [localhost-startStop-1] o.s.b.w.s.FilterRegistrationBean - Mapping filter: 'jwtAuthenticationTokenFilter' to: [/*]
【xkcoding】2019-01-09 18:17:25.372 INFO  [localhost-startStop-1] o.s.b.w.s.FilterRegistrationBean - Mapping filter: 'corsFilter' to: [/*]
【xkcoding】2019-01-09 18:17:25.372 INFO  [localhost-startStop-1] o.s.b.w.s.ServletRegistrationBean - Mapping servlet: 'dispatcherServlet' to [/]
【xkcoding】2019-01-09 18:17:25.463 DEBUG [localhost-startStop-1] o.s.web.filter.CorsFilter - Initializing filter 'corsFilter'
【xkcoding】2019-01-09 18:17:25.464 DEBUG [localhost-startStop-1] o.s.web.filter.CorsFilter - Filter 'corsFilter' configured successfully
【xkcoding】2019-01-09 18:17:25.484 DEBUG [main] o.s.w.c.s.StandardServletEnvironment - Replacing PropertySource 'servletContextInitParams' with 'servletContextInitParams'
【xkcoding】2019-01-09 18:17:25.839 INFO  [main] o.s.s.web.DefaultSecurityFilterChain - Creating filter chain: org.springframework.security.web.util.matcher.AnyRequestMatcher@1, [org.springframework.security.web.context.request.async.WebAsyncManagerIntegrationFilter@53667cbe, org.springframework.security.web.context.SecurityContextPersistenceFilter@4d6f623d, org.springframework.security.web.header.HeaderWriterFilter@faa3fed, org.springframework.security.web.authentication.logout.LogoutFilter@19f040ba, com.example.security.jwt.JwtAuthenticationTokenFilter@330753ce, org.springframework.security.web.savedrequest.RequestCacheAwareFilter@e93f3d5, org.springframework.security.web.servletapi.SecurityContextHolderAwareRequestFilter@5942ee04, org.springframework.security.web.authentication.AnonymousAuthenticationFilter@1d3e6d34, org.springframework.security.web.session.SessionManagementFilter@78c7f9b3, org.springframework.security.web.access.ExceptionTranslationFilter@4351171a, org.springframework.security.web.access.intercept.FilterSecurityInterceptor@2160e52a]
【xkcoding】2019-01-09 18:17:26.003 INFO  [main] o.s.w.s.m.m.a.RequestMappingHandlerAdapter - Looking for @ControllerAdvice: org.springframework.boot.context.embedded.AnnotationConfigEmbeddedWebApplicationContext@692f203f: startup date [Wed Jan 09 18:17:15 CST 2019]; root of context hierarchy
【xkcoding】2019-01-09 18:17:26.034 DEBUG [main] o.s.w.s.m.m.a.RequestMappingHandlerMapping - Looking for request mappings in application context: org.springframework.boot.context.embedded.AnnotationConfigEmbeddedWebApplicationContext@692f203f: startup date [Wed Jan 09 18:17:15 CST 2019]; root of context hierarchy
【xkcoding】2019-01-09 18:17:26.055 DEBUG [main] o.s.w.s.m.m.a.RequestMappingHandlerMapping - 1 request handler methods found on class com.example.security.controller.AuthController: {public com.example.security.util.RetResult com.example.security.controller.AuthController.login(java.util.Map)={[/auth/login]}}
【xkcoding】2019-01-09 18:17:26.057 INFO  [main] o.s.w.s.m.m.a.RequestMappingHandlerMapping - Mapped "{[/auth/login]}" onto public com.example.security.util.RetResult com.example.security.controller.AuthController.login(java.util.Map<java.lang.String, java.lang.Object>)
【xkcoding】2019-01-09 18:17:26.059 DEBUG [main] o.s.w.s.m.m.a.RequestMappingHandlerMapping - 2 request handler methods found on class com.example.security.controller.UserController: {public com.example.security.util.RetResult com.example.security.controller.UserController.getUserInfo(java.util.Map)={[/getUserInfo]}, public com.example.security.util.RetResult com.example.security.controller.UserController.getMenuTree(java.util.Map)={[/queryMenuTree]}}
【xkcoding】2019-01-09 18:17:26.059 INFO  [main] o.s.w.s.m.m.a.RequestMappingHandlerMapping - Mapped "{[/getUserInfo]}" onto public com.example.security.util.RetResult com.example.security.controller.UserController.getUserInfo(java.util.Map<java.lang.String, java.lang.Object>)
【xkcoding】2019-01-09 18:17:26.059 INFO  [main] o.s.w.s.m.m.a.RequestMappingHandlerMapping - Mapped "{[/queryMenuTree]}" onto public com.example.security.util.RetResult com.example.security.controller.UserController.getMenuTree(java.util.Map<java.lang.String, java.lang.Object>)
【xkcoding】2019-01-09 18:17:26.062 DEBUG [main] o.s.w.s.m.m.a.RequestMappingHandlerMapping - 2 request handler methods found on class org.springframework.boot.autoconfigure.web.BasicErrorController: {public org.springframework.http.ResponseEntity org.springframework.boot.autoconfigure.web.BasicErrorController.error(javax.servlet.http.HttpServletRequest)={[/error]}, public org.springframework.web.servlet.ModelAndView org.springframework.boot.autoconfigure.web.BasicErrorController.errorHtml(javax.servlet.http.HttpServletRequest,javax.servlet.http.HttpServletResponse)={[/error],produces=[text/html]}}
【xkcoding】2019-01-09 18:17:26.062 INFO  [main] o.s.w.s.m.m.a.RequestMappingHandlerMapping - Mapped "{[/error]}" onto public org.springframework.http.ResponseEntity<java.util.Map<java.lang.String, java.lang.Object>> org.springframework.boot.autoconfigure.web.BasicErrorController.error(javax.servlet.http.HttpServletRequest)
【xkcoding】2019-01-09 18:17:26.062 INFO  [main] o.s.w.s.m.m.a.RequestMappingHandlerMapping - Mapped "{[/error],produces=[text/html]}" onto public org.springframework.web.servlet.ModelAndView org.springframework.boot.autoconfigure.web.BasicErrorController.errorHtml(javax.servlet.http.HttpServletRequest,javax.servlet.http.HttpServletResponse)
【xkcoding】2019-01-09 18:17:26.085 DEBUG [main] o.s.w.s.h.BeanNameUrlHandlerMapping - Looking for URL mappings in application context: org.springframework.boot.context.embedded.AnnotationConfigEmbeddedWebApplicationContext@692f203f: startup date [Wed Jan 09 18:17:15 CST 2019]; root of context hierarchy
【xkcoding】2019-01-09 18:17:26.086 DEBUG [main] o.s.w.s.h.BeanNameUrlHandlerMapping - Rejected bean name 'org.springframework.context.annotation.internalConfigurationAnnotationProcessor': no URL paths identified
【xkcoding】2019-01-09 18:17:26.086 DEBUG [main] o.s.w.s.h.BeanNameUrlHandlerMapping - Rejected bean name 'org.springframework.context.annotation.internalAutowiredAnnotationProcessor': no URL paths identified
【xkcoding】2019-01-09 18:17:26.086 DEBUG [main] o.s.w.s.h.BeanNameUrlHandlerMapping - Rejected bean name 'org.springframework.context.annotation.internalRequiredAnnotationProcessor': no URL paths identified
【xkcoding】2019-01-09 18:17:26.086 DEBUG [main] o.s.w.s.h.BeanNameUrlHandlerMapping - Rejected bean name 'org.springframework.context.annotation.internalCommonAnnotationProcessor': no URL paths identified
【xkcoding】2019-01-09 18:17:26.086 DEBUG [main] o.s.w.s.h.BeanNameUrlHandlerMapping - Rejected bean name 'org.springframework.context.event.internalEventListenerProcessor': no URL paths identified
【xkcoding】2019-01-09 18:17:26.086 DEBUG [main] o.s.w.s.h.BeanNameUrlHandlerMapping - Rejected bean name 'org.springframework.context.event.internalEventListenerFactory': no URL paths identified
【xkcoding】2019-01-09 18:17:26.086 DEBUG [main] o.s.w.s.h.BeanNameUrlHandlerMapping - Rejected bean name 'securityApplication': no URL paths identified
【xkcoding】2019-01-09 18:17:26.086 DEBUG [main] o.s.w.s.h.BeanNameUrlHandlerMapping - Rejected bean name 'org.springframework.boot.autoconfigure.internalCachingMetadataReaderFactory': no URL paths identified
【xkcoding】2019-01-09 18:17:26.086 DEBUG [main] o.s.w.s.h.BeanNameUrlHandlerMapping - Rejected bean name 'webSecurity': no URL paths identified
【xkcoding】2019-01-09 18:17:26.086 DEBUG [main] o.s.w.s.h.BeanNameUrlHandlerMapping - Rejected bean name 'authController': no URL paths identified
【xkcoding】2019-01-09 18:17:26.086 DEBUG [main] o.s.w.s.h.BeanNameUrlHandlerMapping - Rejected bean name 'userController': no URL paths identified
【xkcoding】2019-01-09 18:17:26.086 DEBUG [main] o.s.w.s.h.BeanNameUrlHandlerMapping - Rejected bean name 'jwtAuthenticationTokenFilter': no URL paths identified
【xkcoding】2019-01-09 18:17:26.086 DEBUG [main] o.s.w.s.h.BeanNameUrlHandlerMapping - Rejected bean name 'jwtTokenUtil': no URL paths identified
【xkcoding】2019-01-09 18:17:26.086 DEBUG [main] o.s.w.s.h.BeanNameUrlHandlerMapping - Rejected bean name 'jwtUserDetailsServiceImpl': no URL paths identified
【xkcoding】2019-01-09 18:17:26.086 DEBUG [main] o.s.w.s.h.BeanNameUrlHandlerMapping - Rejected bean name 'userServiceImpl': no URL paths identified
【xkcoding】2019-01-09 18:17:26.086 DEBUG [main] o.s.w.s.h.BeanNameUrlHandlerMapping - Rejected bean name 'org.springframework.security.config.annotation.configuration.ObjectPostProcessorConfiguration': no URL paths identified
【xkcoding】2019-01-09 18:17:26.086 DEBUG [main] o.s.w.s.h.BeanNameUrlHandlerMapping - Rejected bean name 'objectPostProcessor': no URL paths identified
【xkcoding】2019-01-09 18:17:26.086 DEBUG [main] o.s.w.s.h.BeanNameUrlHandlerMapping - Rejected bean name 'org.springframework.security.config.annotation.authentication.configuration.AuthenticationConfiguration': no URL paths identified
【xkcoding】2019-01-09 18:17:26.086 DEBUG [main] o.s.w.s.h.BeanNameUrlHandlerMapping - Rejected bean name 'authenticationManagerBuilder': no URL paths identified
【xkcoding】2019-01-09 18:17:26.086 DEBUG [main] o.s.w.s.h.BeanNameUrlHandlerMapping - Rejected bean name 'enableGlobalAuthenticationAutowiredConfigurer': no URL paths identified
【xkcoding】2019-01-09 18:17:26.086 DEBUG [main] o.s.w.s.h.BeanNameUrlHandlerMapping - Rejected bean name 'initializeUserDetailsBeanManagerConfigurer': no URL paths identified
【xkcoding】2019-01-09 18:17:26.086 DEBUG [main] o.s.w.s.h.BeanNameUrlHandlerMapping - Rejected bean name 'initializeAuthenticationProviderBeanManagerConfigurer': no URL paths identified
【xkcoding】2019-01-09 18:17:26.086 DEBUG [main] o.s.w.s.h.BeanNameUrlHandlerMapping - Rejected bean name 'org.springframework.security.config.annotation.web.configuration.WebSecurityConfiguration': no URL paths identified
【xkcoding】2019-01-09 18:17:26.086 DEBUG [main] o.s.w.s.h.BeanNameUrlHandlerMapping - Rejected bean name 'delegatingApplicationListener': no URL paths identified
【xkcoding】2019-01-09 18:17:26.087 DEBUG [main] o.s.w.s.h.BeanNameUrlHandlerMapping - Rejected bean name 'webSecurityExpressionHandler': no URL paths identified
【xkcoding】2019-01-09 18:17:26.087 DEBUG [main] o.s.w.s.h.BeanNameUrlHandlerMapping - Rejected bean name 'springSecurityFilterChain': no URL paths identified
【xkcoding】2019-01-09 18:17:26.087 DEBUG [main] o.s.w.s.h.BeanNameUrlHandlerMapping - Rejected bean name 'privilegeEvaluator': no URL paths identified
【xkcoding】2019-01-09 18:17:26.087 DEBUG [main] o.s.w.s.h.BeanNameUrlHandlerMapping - Rejected bean name 'autowiredWebSecurityConfigurersIgnoreParents': no URL paths identified
【xkcoding】2019-01-09 18:17:26.087 DEBUG [main] o.s.w.s.h.BeanNameUrlHandlerMapping - Rejected bean name 'org.springframework.security.config.annotation.web.configuration.WebMvcSecurityConfiguration': no URL paths identified
【xkcoding】2019-01-09 18:17:26.087 DEBUG [main] o.s.w.s.h.BeanNameUrlHandlerMapping - Rejected bean name 'requestDataValueProcessor': no URL paths identified
【xkcoding】2019-01-09 18:17:26.087 DEBUG [main] o.s.w.s.h.BeanNameUrlHandlerMapping - Rejected bean name 'org.springframework.security.config.annotation.method.configuration.GlobalMethodSecurityConfiguration': no URL paths identified
【xkcoding】2019-01-09 18:17:26.087 DEBUG [main] o.s.w.s.h.BeanNameUrlHandlerMapping - Rejected bean name 'methodSecurityInterceptor': no URL paths identified
【xkcoding】2019-01-09 18:17:26.087 DEBUG [main] o.s.w.s.h.BeanNameUrlHandlerMapping - Rejected bean name 'methodSecurityMetadataSource': no URL paths identified
【xkcoding】2019-01-09 18:17:26.087 DEBUG [main] o.s.w.s.h.BeanNameUrlHandlerMapping - Rejected bean name 'preInvocationAuthorizationAdvice': no URL paths identified
【xkcoding】2019-01-09 18:17:26.087 DEBUG [main] o.s.w.s.h.BeanNameUrlHandlerMapping - Rejected bean name 'org.springframework.security.authenticationManager': no URL paths identified
【xkcoding】2019-01-09 18:17:26.087 DEBUG [main] o.s.w.s.h.BeanNameUrlHandlerMapping - Rejected bean name 'passwordEncoder': no URL paths identified
【xkcoding】2019-01-09 18:17:26.087 DEBUG [main] o.s.w.s.h.BeanNameUrlHandlerMapping - Rejected bean name 'corsFilter': no URL paths identified
【xkcoding】2019-01-09 18:17:26.087 DEBUG [main] o.s.w.s.h.BeanNameUrlHandlerMapping - Rejected bean name 'metaDataSourceAdvisor': no URL paths identified
【xkcoding】2019-01-09 18:17:26.087 DEBUG [main] o.s.w.s.h.BeanNameUrlHandlerMapping - Rejected bean name 'org.springframework.aop.config.internalAutoProxyCreator': no URL paths identified
【xkcoding】2019-01-09 18:17:26.087 DEBUG [main] o.s.w.s.h.BeanNameUrlHandlerMapping - Rejected bean name 'org.springframework.boot.autoconfigure.AutoConfigurationPackages': no URL paths identified
【xkcoding】2019-01-09 18:17:26.087 DEBUG [main] o.s.w.s.h.BeanNameUrlHandlerMapping - Rejected bean name 'xml': no URL paths identified
【xkcoding】2019-01-09 18:17:26.087 DEBUG [main] o.s.w.s.h.BeanNameUrlHandlerMapping - Rejected bean name 'roleMapper': no URL paths identified
【xkcoding】2019-01-09 18:17:26.087 DEBUG [main] o.s.w.s.h.BeanNameUrlHandlerMapping - Rejected bean name 'userMapper': no URL paths identified
【xkcoding】2019-01-09 18:17:26.087 DEBUG [main] o.s.w.s.h.BeanNameUrlHandlerMapping - Rejected bean name 'org.springframework.boot.autoconfigure.context.PropertyPlaceholderAutoConfiguration': no URL paths identified
【xkcoding】2019-01-09 18:17:26.087 DEBUG [main] o.s.w.s.h.BeanNameUrlHandlerMapping - Rejected bean name 'org.springframework.boot.autoconfigure.condition.BeanTypeRegistry': no URL paths identified
【xkcoding】2019-01-09 18:17:26.087 DEBUG [main] o.s.w.s.h.BeanNameUrlHandlerMapping - Rejected bean name 'propertySourcesPlaceholderConfigurer': no URL paths identified
【xkcoding】2019-01-09 18:17:26.087 DEBUG [main] o.s.w.s.h.BeanNameUrlHandlerMapping - Rejected bean name 'org.springframework.boot.autoconfigure.jackson.JacksonAutoConfiguration$Jackson2ObjectMapperBuilderCustomizerConfiguration': no URL paths identified
【xkcoding】2019-01-09 18:17:26.087 DEBUG [main] o.s.w.s.h.BeanNameUrlHandlerMapping - Rejected bean name 'standardJacksonObjectMapperBuilderCustomizer': no URL paths identified
【xkcoding】2019-01-09 18:17:26.087 DEBUG [main] o.s.w.s.h.BeanNameUrlHandlerMapping - Rejected bean name 'spring.jackson-org.springframework.boot.autoconfigure.jackson.JacksonProperties': no URL paths identified
【xkcoding】2019-01-09 18:17:26.088 DEBUG [main] o.s.w.s.h.BeanNameUrlHandlerMapping - Rejected bean name 'org.springframework.boot.context.properties.ConfigurationPropertiesBindingPostProcessor': no URL paths identified
【xkcoding】2019-01-09 18:17:26.088 DEBUG [main] o.s.w.s.h.BeanNameUrlHandlerMapping - Rejected bean name 'org.springframework.boot.context.properties.ConfigurationPropertiesBindingPostProcessor.store': no URL paths identified
【xkcoding】2019-01-09 18:17:26.088 DEBUG [main] o.s.w.s.h.BeanNameUrlHandlerMapping - Rejected bean name 'org.springframework.boot.autoconfigure.jackson.JacksonAutoConfiguration$JacksonObjectMapperBuilderConfiguration': no URL paths identified
【xkcoding】2019-01-09 18:17:26.088 DEBUG [main] o.s.w.s.h.BeanNameUrlHandlerMapping - Rejected bean name 'jacksonObjectMapperBuilder': no URL paths identified
【xkcoding】2019-01-09 18:17:26.088 DEBUG [main] o.s.w.s.h.BeanNameUrlHandlerMapping - Rejected bean name 'org.springframework.boot.autoconfigure.jackson.JacksonAutoConfiguration$JacksonObjectMapperConfiguration': no URL paths identified
【xkcoding】2019-01-09 18:17:26.088 DEBUG [main] o.s.w.s.h.BeanNameUrlHandlerMapping - Rejected bean name 'jacksonObjectMapper': no URL paths identified
【xkcoding】2019-01-09 18:17:26.088 DEBUG [main] o.s.w.s.h.BeanNameUrlHandlerMapping - Rejected bean name 'org.springframework.boot.autoconfigure.jackson.JacksonAutoConfiguration': no URL paths identified
【xkcoding】2019-01-09 18:17:26.088 DEBUG [main] o.s.w.s.h.BeanNameUrlHandlerMapping - Rejected bean name 'jsonComponentModule': no URL paths identified
【xkcoding】2019-01-09 18:17:26.088 DEBUG [main] o.s.w.s.h.BeanNameUrlHandlerMapping - Rejected bean name 'org.springframework.boot.autoconfigure.websocket.WebSocketAutoConfiguration$TomcatWebSocketConfiguration': no URL paths identified
【xkcoding】2019-01-09 18:17:26.088 DEBUG [main] o.s.w.s.h.BeanNameUrlHandlerMapping - Rejected bean name 'websocketContainerCustomizer': no URL paths identified
【xkcoding】2019-01-09 18:17:26.088 DEBUG [main] o.s.w.s.h.BeanNameUrlHandlerMapping - Rejected bean name 'org.springframework.boot.autoconfigure.websocket.WebSocketAutoConfiguration': no URL paths identified
【xkcoding】2019-01-09 18:17:26.088 DEBUG [main] o.s.w.s.h.BeanNameUrlHandlerMapping - Rejected bean name 'org.springframework.boot.autoconfigure.web.EmbeddedServletContainerAutoConfiguration$EmbeddedTomcat': no URL paths identified
【xkcoding】2019-01-09 18:17:26.088 DEBUG [main] o.s.w.s.h.BeanNameUrlHandlerMapping - Rejected bean name 'tomcatEmbeddedServletContainerFactory': no URL paths identified
【xkcoding】2019-01-09 18:17:26.088 DEBUG [main] o.s.w.s.h.BeanNameUrlHandlerMapping - Rejected bean name 'org.springframework.boot.autoconfigure.web.EmbeddedServletContainerAutoConfiguration': no URL paths identified
【xkcoding】2019-01-09 18:17:26.088 DEBUG [main] o.s.w.s.h.BeanNameUrlHandlerMapping - Rejected bean name 'embeddedServletContainerCustomizerBeanPostProcessor': no URL paths identified
【xkcoding】2019-01-09 18:17:26.088 DEBUG [main] o.s.w.s.h.BeanNameUrlHandlerMapping - Rejected bean name 'errorPageRegistrarBeanPostProcessor': no URL paths identified
【xkcoding】2019-01-09 18:17:26.088 DEBUG [main] o.s.w.s.h.BeanNameUrlHandlerMapping - Rejected bean name 'org.springframework.boot.autoconfigure.web.DispatcherServletAutoConfiguration$DispatcherServletConfiguration': no URL paths identified
【xkcoding】2019-01-09 18:17:26.088 DEBUG [main] o.s.w.s.h.BeanNameUrlHandlerMapping - Rejected bean name 'dispatcherServlet': no URL paths identified
【xkcoding】2019-01-09 18:17:26.088 DEBUG [main] o.s.w.s.h.BeanNameUrlHandlerMapping - Rejected bean name 'spring.mvc-org.springframework.boot.autoconfigure.web.WebMvcProperties': no URL paths identified
【xkcoding】2019-01-09 18:17:26.088 DEBUG [main] o.s.w.s.h.BeanNameUrlHandlerMapping - Rejected bean name 'org.springframework.boot.autoconfigure.web.DispatcherServletAutoConfiguration$DispatcherServletRegistrationConfiguration': no URL paths identified
【xkcoding】2019-01-09 18:17:26.088 DEBUG [main] o.s.w.s.h.BeanNameUrlHandlerMapping - Rejected bean name 'dispatcherServletRegistration': no URL paths identified
【xkcoding】2019-01-09 18:17:26.088 DEBUG [main] o.s.w.s.h.BeanNameUrlHandlerMapping - Rejected bean name 'org.springframework.boot.autoconfigure.web.DispatcherServletAutoConfiguration': no URL paths identified
【xkcoding】2019-01-09 18:17:26.088 DEBUG [main] o.s.w.s.h.BeanNameUrlHandlerMapping - Rejected bean name 'org.springframework.boot.autoconfigure.validation.ValidationAutoConfiguration': no URL paths identified
【xkcoding】2019-01-09 18:17:26.088 DEBUG [main] o.s.w.s.h.BeanNameUrlHandlerMapping - Rejected bean name 'defaultValidator': no URL paths identified
【xkcoding】2019-01-09 18:17:26.088 DEBUG [main] o.s.w.s.h.BeanNameUrlHandlerMapping - Rejected bean name 'methodValidationPostProcessor': no URL paths identified
【xkcoding】2019-01-09 18:17:26.088 DEBUG [main] o.s.w.s.h.BeanNameUrlHandlerMapping - Rejected bean name 'org.springframework.boot.autoconfigure.web.ErrorMvcAutoConfiguration$WhitelabelErrorViewConfiguration': no URL paths identified
【xkcoding】2019-01-09 18:17:26.088 DEBUG [main] o.s.w.s.h.BeanNameUrlHandlerMapping - Rejected bean name 'error': no URL paths identified
【xkcoding】2019-01-09 18:17:26.088 DEBUG [main] o.s.w.s.h.BeanNameUrlHandlerMapping - Rejected bean name 'beanNameViewResolver': no URL paths identified
【xkcoding】2019-01-09 18:17:26.088 DEBUG [main] o.s.w.s.h.BeanNameUrlHandlerMapping - Rejected bean name 'org.springframework.boot.autoconfigure.web.ErrorMvcAutoConfiguration$DefaultErrorViewResolverConfiguration': no URL paths identified
【xkcoding】2019-01-09 18:17:26.089 DEBUG [main] o.s.w.s.h.BeanNameUrlHandlerMapping - Rejected bean name 'conventionErrorViewResolver': no URL paths identified
【xkcoding】2019-01-09 18:17:26.089 DEBUG [main] o.s.w.s.h.BeanNameUrlHandlerMapping - Rejected bean name 'org.springframework.boot.autoconfigure.web.ErrorMvcAutoConfiguration': no URL paths identified
【xkcoding】2019-01-09 18:17:26.089 DEBUG [main] o.s.w.s.h.BeanNameUrlHandlerMapping - Rejected bean name 'errorAttributes': no URL paths identified
【xkcoding】2019-01-09 18:17:26.089 DEBUG [main] o.s.w.s.h.BeanNameUrlHandlerMapping - Rejected bean name 'basicErrorController': no URL paths identified
【xkcoding】2019-01-09 18:17:26.089 DEBUG [main] o.s.w.s.h.BeanNameUrlHandlerMapping - Rejected bean name 'errorPageCustomizer': no URL paths identified
【xkcoding】2019-01-09 18:17:26.089 DEBUG [main] o.s.w.s.h.BeanNameUrlHandlerMapping - Rejected bean name 'preserveErrorControllerTargetClassPostProcessor': no URL paths identified
【xkcoding】2019-01-09 18:17:26.089 DEBUG [main] o.s.w.s.h.BeanNameUrlHandlerMapping - Rejected bean name 'spring.resources-org.springframework.boot.autoconfigure.web.ResourceProperties': no URL paths identified
【xkcoding】2019-01-09 18:17:26.089 DEBUG [main] o.s.w.s.h.BeanNameUrlHandlerMapping - Rejected bean name 'org.springframework.boot.autoconfigure.web.WebMvcAutoConfiguration$EnableWebMvcConfiguration': no URL paths identified
【xkcoding】2019-01-09 18:17:26.089 DEBUG [main] o.s.w.s.h.BeanNameUrlHandlerMapping - Rejected bean name 'requestMappingHandlerAdapter': no URL paths identified
【xkcoding】2019-01-09 18:17:26.089 DEBUG [main] o.s.w.s.h.BeanNameUrlHandlerMapping - Rejected bean name 'requestMappingHandlerMapping': no URL paths identified
【xkcoding】2019-01-09 18:17:26.089 DEBUG [main] o.s.w.s.h.BeanNameUrlHandlerMapping - Rejected bean name 'mvcValidator': no URL paths identified
【xkcoding】2019-01-09 18:17:26.089 DEBUG [main] o.s.w.s.h.BeanNameUrlHandlerMapping - Rejected bean name 'mvcContentNegotiationManager': no URL paths identified
【xkcoding】2019-01-09 18:17:26.089 DEBUG [main] o.s.w.s.h.BeanNameUrlHandlerMapping - Rejected bean name 'mvcPathMatcher': no URL paths identified
【xkcoding】2019-01-09 18:17:26.089 DEBUG [main] o.s.w.s.h.BeanNameUrlHandlerMapping - Rejected bean name 'mvcUrlPathHelper': no URL paths identified
【xkcoding】2019-01-09 18:17:26.089 DEBUG [main] o.s.w.s.h.BeanNameUrlHandlerMapping - Rejected bean name 'viewControllerHandlerMapping': no URL paths identified
【xkcoding】2019-01-09 18:17:26.089 DEBUG [main] o.s.w.s.h.BeanNameUrlHandlerMapping - Rejected bean name 'beanNameHandlerMapping': no URL paths identified
【xkcoding】2019-01-09 18:17:26.089 DEBUG [main] o.s.w.s.h.BeanNameUrlHandlerMapping - Rejected bean name 'resourceHandlerMapping': no URL paths identified
【xkcoding】2019-01-09 18:17:26.089 DEBUG [main] o.s.w.s.h.BeanNameUrlHandlerMapping - Rejected bean name 'mvcResourceUrlProvider': no URL paths identified
【xkcoding】2019-01-09 18:17:26.089 DEBUG [main] o.s.w.s.h.BeanNameUrlHandlerMapping - Rejected bean name 'defaultServletHandlerMapping': no URL paths identified
【xkcoding】2019-01-09 18:17:26.089 DEBUG [main] o.s.w.s.h.BeanNameUrlHandlerMapping - Rejected bean name 'mvcConversionService': no URL paths identified
【xkcoding】2019-01-09 18:17:26.089 DEBUG [main] o.s.w.s.h.BeanNameUrlHandlerMapping - Rejected bean name 'mvcUriComponentsContributor': no URL paths identified
【xkcoding】2019-01-09 18:17:26.089 DEBUG [main] o.s.w.s.h.BeanNameUrlHandlerMapping - Rejected bean name 'httpRequestHandlerAdapter': no URL paths identified
【xkcoding】2019-01-09 18:17:26.089 DEBUG [main] o.s.w.s.h.BeanNameUrlHandlerMapping - Rejected bean name 'simpleControllerHandlerAdapter': no URL paths identified
【xkcoding】2019-01-09 18:17:26.089 DEBUG [main] o.s.w.s.h.BeanNameUrlHandlerMapping - Rejected bean name 'handlerExceptionResolver': no URL paths identified
【xkcoding】2019-01-09 18:17:26.089 DEBUG [main] o.s.w.s.h.BeanNameUrlHandlerMapping - Rejected bean name 'mvcViewResolver': no URL paths identified
【xkcoding】2019-01-09 18:17:26.090 DEBUG [main] o.s.w.s.h.BeanNameUrlHandlerMapping - Rejected bean name 'mvcHandlerMappingIntrospector': no URL paths identified
【xkcoding】2019-01-09 18:17:26.090 DEBUG [main] o.s.w.s.h.BeanNameUrlHandlerMapping - Rejected bean name 'org.springframework.boot.autoconfigure.web.WebMvcAutoConfiguration$WebMvcAutoConfigurationAdapter$FaviconConfiguration': no URL paths identified
【xkcoding】2019-01-09 18:17:26.090 DEBUG [main] o.s.w.s.h.BeanNameUrlHandlerMapping - Rejected bean name 'faviconHandlerMapping': no URL paths identified
【xkcoding】2019-01-09 18:17:26.090 DEBUG [main] o.s.w.s.h.BeanNameUrlHandlerMapping - Rejected bean name 'faviconRequestHandler': no URL paths identified
【xkcoding】2019-01-09 18:17:26.090 DEBUG [main] o.s.w.s.h.BeanNameUrlHandlerMapping - Rejected bean name 'org.springframework.boot.autoconfigure.web.WebMvcAutoConfiguration$WebMvcAutoConfigurationAdapter': no URL paths identified
【xkcoding】2019-01-09 18:17:26.090 DEBUG [main] o.s.w.s.h.BeanNameUrlHandlerMapping - Rejected bean name 'defaultViewResolver': no URL paths identified
【xkcoding】2019-01-09 18:17:26.090 DEBUG [main] o.s.w.s.h.BeanNameUrlHandlerMapping - Rejected bean name 'viewResolver': no URL paths identified
【xkcoding】2019-01-09 18:17:26.090 DEBUG [main] o.s.w.s.h.BeanNameUrlHandlerMapping - Rejected bean name 'welcomePageHandlerMapping': no URL paths identified
【xkcoding】2019-01-09 18:17:26.090 DEBUG [main] o.s.w.s.h.BeanNameUrlHandlerMapping - Rejected bean name 'requestContextFilter': no URL paths identified
【xkcoding】2019-01-09 18:17:26.090 DEBUG [main] o.s.w.s.h.BeanNameUrlHandlerMapping - Rejected bean name 'org.springframework.boot.autoconfigure.web.WebMvcAutoConfiguration': no URL paths identified
【xkcoding】2019-01-09 18:17:26.090 DEBUG [main] o.s.w.s.h.BeanNameUrlHandlerMapping - Rejected bean name 'hiddenHttpMethodFilter': no URL paths identified
【xkcoding】2019-01-09 18:17:26.090 DEBUG [main] o.s.w.s.h.BeanNameUrlHandlerMapping - Rejected bean name 'httpPutFormContentFilter': no URL paths identified
【xkcoding】2019-01-09 18:17:26.090 DEBUG [main] o.s.w.s.h.BeanNameUrlHandlerMapping - Rejected bean name 'org.springframework.boot.autoconfigure.jdbc.DataSourceConfiguration$Tomcat': no URL paths identified
【xkcoding】2019-01-09 18:17:26.090 DEBUG [main] o.s.w.s.h.BeanNameUrlHandlerMapping - Rejected bean name 'dataSource': no URL paths identified
【xkcoding】2019-01-09 18:17:26.090 DEBUG [main] o.s.w.s.h.BeanNameUrlHandlerMapping - Rejected bean name 'org.springframework.boot.autoconfigure.jdbc.DataSourceAutoConfiguration$PooledDataSourceConfiguration': no URL paths identified
【xkcoding】2019-01-09 18:17:26.090 DEBUG [main] o.s.w.s.h.BeanNameUrlHandlerMapping - Rejected bean name 'org.springframework.boot.autoconfigure.jdbc.metadata.DataSourcePoolMetadataProvidersConfiguration$TomcatDataSourcePoolMetadataProviderConfiguration': no URL paths identified
【xkcoding】2019-01-09 18:17:26.090 DEBUG [main] o.s.w.s.h.BeanNameUrlHandlerMapping - Rejected bean name 'tomcatPoolDataSourceMetadataProvider': no URL paths identified
【xkcoding】2019-01-09 18:17:26.090 DEBUG [main] o.s.w.s.h.BeanNameUrlHandlerMapping - Rejected bean name 'org.springframework.boot.autoconfigure.jdbc.metadata.DataSourcePoolMetadataProvidersConfiguration': no URL paths identified
【xkcoding】2019-01-09 18:17:26.090 DEBUG [main] o.s.w.s.h.BeanNameUrlHandlerMapping - Rejected bean name 'org.springframework.boot.autoconfigure.jdbc.DataSourceAutoConfiguration': no URL paths identified
【xkcoding】2019-01-09 18:17:26.090 DEBUG [main] o.s.w.s.h.BeanNameUrlHandlerMapping - Rejected bean name 'dataSourceInitializer': no URL paths identified
【xkcoding】2019-01-09 18:17:26.090 DEBUG [main] o.s.w.s.h.BeanNameUrlHandlerMapping - Rejected bean name 'spring.datasource-org.springframework.boot.autoconfigure.jdbc.DataSourceProperties': no URL paths identified
【xkcoding】2019-01-09 18:17:26.090 DEBUG [main] o.s.w.s.h.BeanNameUrlHandlerMapping - Rejected bean name 'dataSourceInitializerPostProcessor': no URL paths identified
【xkcoding】2019-01-09 18:17:26.090 DEBUG [main] o.s.w.s.h.BeanNameUrlHandlerMapping - Rejected bean name 'org.mybatis.spring.boot.autoconfigure.MybatisAutoConfiguration': no URL paths identified
【xkcoding】2019-01-09 18:17:26.090 DEBUG [main] o.s.w.s.h.BeanNameUrlHandlerMapping - Rejected bean name 'sqlSessionFactory': no URL paths identified
【xkcoding】2019-01-09 18:17:26.090 DEBUG [main] o.s.w.s.h.BeanNameUrlHandlerMapping - Rejected bean name 'sqlSessionTemplate': no URL paths identified
【xkcoding】2019-01-09 18:17:26.090 DEBUG [main] o.s.w.s.h.BeanNameUrlHandlerMapping - Rejected bean name 'mybatis-org.mybatis.spring.boot.autoconfigure.MybatisProperties': no URL paths identified
【xkcoding】2019-01-09 18:17:26.090 DEBUG [main] o.s.w.s.h.BeanNameUrlHandlerMapping - Rejected bean name 'org.springframework.boot.autoconfigure.jmx.JmxAutoConfiguration': no URL paths identified
【xkcoding】2019-01-09 18:17:26.090 DEBUG [main] o.s.w.s.h.BeanNameUrlHandlerMapping - Rejected bean name 'mbeanExporter': no URL paths identified
【xkcoding】2019-01-09 18:17:26.090 DEBUG [main] o.s.w.s.h.BeanNameUrlHandlerMapping - Rejected bean name 'objectNamingStrategy': no URL paths identified
【xkcoding】2019-01-09 18:17:26.090 DEBUG [main] o.s.w.s.h.BeanNameUrlHandlerMapping - Rejected bean name 'mbeanServer': no URL paths identified
【xkcoding】2019-01-09 18:17:26.090 DEBUG [main] o.s.w.s.h.BeanNameUrlHandlerMapping - Rejected bean name 'org.springframework.boot.autoconfigure.admin.SpringApplicationAdminJmxAutoConfiguration': no URL paths identified
【xkcoding】2019-01-09 18:17:26.090 DEBUG [main] o.s.w.s.h.BeanNameUrlHandlerMapping - Rejected bean name 'springApplicationAdminRegistrar': no URL paths identified
【xkcoding】2019-01-09 18:17:26.090 DEBUG [main] o.s.w.s.h.BeanNameUrlHandlerMapping - Rejected bean name 'org.springframework.boot.autoconfigure.context.ConfigurationPropertiesAutoConfiguration': no URL paths identified
【xkcoding】2019-01-09 18:17:26.090 DEBUG [main] o.s.w.s.h.BeanNameUrlHandlerMapping - Rejected bean name 'org.springframework.boot.autoconfigure.dao.PersistenceExceptionTranslationAutoConfiguration': no URL paths identified
【xkcoding】2019-01-09 18:17:26.090 DEBUG [main] o.s.w.s.h.BeanNameUrlHandlerMapping - Rejected bean name 'persistenceExceptionTranslationPostProcessor': no URL paths identified
【xkcoding】2019-01-09 18:17:26.090 DEBUG [main] o.s.w.s.h.BeanNameUrlHandlerMapping - Rejected bean name 'org.springframework.boot.autoconfigure.web.HttpMessageConvertersAutoConfiguration$StringHttpMessageConverterConfiguration': no URL paths identified
【xkcoding】2019-01-09 18:17:26.091 DEBUG [main] o.s.w.s.h.BeanNameUrlHandlerMapping - Rejected bean name 'stringHttpMessageConverter': no URL paths identified
【xkcoding】2019-01-09 18:17:26.091 DEBUG [main] o.s.w.s.h.BeanNameUrlHandlerMapping - Rejected bean name 'spring.http.encoding-org.springframework.boot.autoconfigure.web.HttpEncodingProperties': no URL paths identified
【xkcoding】2019-01-09 18:17:26.091 DEBUG [main] o.s.w.s.h.BeanNameUrlHandlerMapping - Rejected bean name 'org.springframework.boot.autoconfigure.web.JacksonHttpMessageConvertersConfiguration$MappingJackson2HttpMessageConverterConfiguration': no URL paths identified
【xkcoding】2019-01-09 18:17:26.091 DEBUG [main] o.s.w.s.h.BeanNameUrlHandlerMapping - Rejected bean name 'mappingJackson2HttpMessageConverter': no URL paths identified
【xkcoding】2019-01-09 18:17:26.091 DEBUG [main] o.s.w.s.h.BeanNameUrlHandlerMapping - Rejected bean name 'org.springframework.boot.autoconfigure.web.JacksonHttpMessageConvertersConfiguration': no URL paths identified
【xkcoding】2019-01-09 18:17:26.091 DEBUG [main] o.s.w.s.h.BeanNameUrlHandlerMapping - Rejected bean name 'org.springframework.boot.autoconfigure.web.HttpMessageConvertersAutoConfiguration': no URL paths identified
【xkcoding】2019-01-09 18:17:26.091 DEBUG [main] o.s.w.s.h.BeanNameUrlHandlerMapping - Rejected bean name 'messageConverters': no URL paths identified
【xkcoding】2019-01-09 18:17:26.091 DEBUG [main] o.s.w.s.h.BeanNameUrlHandlerMapping - Rejected bean name 'org.springframework.boot.autoconfigure.security.BootGlobalAuthenticationConfiguration': no URL paths identified
【xkcoding】2019-01-09 18:17:26.091 DEBUG [main] o.s.w.s.h.BeanNameUrlHandlerMapping - Rejected bean name 'bootGlobalAuthenticationConfigurationAdapter': no URL paths identified
【xkcoding】2019-01-09 18:17:26.091 DEBUG [main] o.s.w.s.h.BeanNameUrlHandlerMapping - Rejected bean name 'org.springframework.boot.autoconfigure.security.SecurityAutoConfiguration': no URL paths identified
【xkcoding】2019-01-09 18:17:26.091 DEBUG [main] o.s.w.s.h.BeanNameUrlHandlerMapping - Rejected bean name 'authenticationEventPublisher': no URL paths identified
【xkcoding】2019-01-09 18:17:26.091 DEBUG [main] o.s.w.s.h.BeanNameUrlHandlerMapping - Rejected bean name 'securityProperties': no URL paths identified
【xkcoding】2019-01-09 18:17:26.091 DEBUG [main] o.s.w.s.h.BeanNameUrlHandlerMapping - Rejected bean name 'org.springframework.boot.autoconfigure.info.ProjectInfoAutoConfiguration': no URL paths identified
【xkcoding】2019-01-09 18:17:26.091 DEBUG [main] o.s.w.s.h.BeanNameUrlHandlerMapping - Rejected bean name 'spring.info-org.springframework.boot.autoconfigure.info.ProjectInfoProperties': no URL paths identified
【xkcoding】2019-01-09 18:17:26.091 DEBUG [main] o.s.w.s.h.BeanNameUrlHandlerMapping - Rejected bean name 'org.springframework.boot.autoconfigure.jdbc.DataSourceTransactionManagerAutoConfiguration$DataSourceTransactionManagerConfiguration': no URL paths identified
【xkcoding】2019-01-09 18:17:26.091 DEBUG [main] o.s.w.s.h.BeanNameUrlHandlerMapping - Rejected bean name 'transactionManager': no URL paths identified
【xkcoding】2019-01-09 18:17:26.091 DEBUG [main] o.s.w.s.h.BeanNameUrlHandlerMapping - Rejected bean name 'org.springframework.boot.autoconfigure.jdbc.DataSourceTransactionManagerAutoConfiguration': no URL paths identified
【xkcoding】2019-01-09 18:17:26.091 DEBUG [main] o.s.w.s.h.BeanNameUrlHandlerMapping - Rejected bean name 'org.springframework.boot.autoconfigure.jdbc.JdbcTemplateAutoConfiguration': no URL paths identified
【xkcoding】2019-01-09 18:17:26.091 DEBUG [main] o.s.w.s.h.BeanNameUrlHandlerMapping - Rejected bean name 'jdbcTemplate': no URL paths identified
【xkcoding】2019-01-09 18:17:26.091 DEBUG [main] o.s.w.s.h.BeanNameUrlHandlerMapping - Rejected bean name 'namedParameterJdbcTemplate': no URL paths identified
【xkcoding】2019-01-09 18:17:26.091 DEBUG [main] o.s.w.s.h.BeanNameUrlHandlerMapping - Rejected bean name 'org.springframework.transaction.annotation.ProxyTransactionManagementConfiguration': no URL paths identified
【xkcoding】2019-01-09 18:17:26.091 DEBUG [main] o.s.w.s.h.BeanNameUrlHandlerMapping - Rejected bean name 'org.springframework.transaction.config.internalTransactionAdvisor': no URL paths identified
【xkcoding】2019-01-09 18:17:26.091 DEBUG [main] o.s.w.s.h.BeanNameUrlHandlerMapping - Rejected bean name 'transactionAttributeSource': no URL paths identified
【xkcoding】2019-01-09 18:17:26.091 DEBUG [main] o.s.w.s.h.BeanNameUrlHandlerMapping - Rejected bean name 'transactionInterceptor': no URL paths identified
【xkcoding】2019-01-09 18:17:26.091 DEBUG [main] o.s.w.s.h.BeanNameUrlHandlerMapping - Rejected bean name 'org.springframework.transaction.config.internalTransactionalEventListenerFactory': no URL paths identified
【xkcoding】2019-01-09 18:17:26.091 DEBUG [main] o.s.w.s.h.BeanNameUrlHandlerMapping - Rejected bean name 'org.springframework.boot.autoconfigure.transaction.TransactionAutoConfiguration$EnableTransactionManagementConfiguration$CglibAutoProxyConfiguration': no URL paths identified
【xkcoding】2019-01-09 18:17:26.091 DEBUG [main] o.s.w.s.h.BeanNameUrlHandlerMapping - Rejected bean name 'org.springframework.boot.autoconfigure.transaction.TransactionAutoConfiguration$EnableTransactionManagementConfiguration': no URL paths identified
【xkcoding】2019-01-09 18:17:26.091 DEBUG [main] o.s.w.s.h.BeanNameUrlHandlerMapping - Rejected bean name 'org.springframework.boot.autoconfigure.transaction.TransactionAutoConfiguration$TransactionTemplateConfiguration': no URL paths identified
【xkcoding】2019-01-09 18:17:26.091 DEBUG [main] o.s.w.s.h.BeanNameUrlHandlerMapping - Rejected bean name 'transactionTemplate': no URL paths identified
【xkcoding】2019-01-09 18:17:26.092 DEBUG [main] o.s.w.s.h.BeanNameUrlHandlerMapping - Rejected bean name 'org.springframework.boot.autoconfigure.transaction.TransactionAutoConfiguration': no URL paths identified
【xkcoding】2019-01-09 18:17:26.092 DEBUG [main] o.s.w.s.h.BeanNameUrlHandlerMapping - Rejected bean name 'platformTransactionManagerCustomizers': no URL paths identified
【xkcoding】2019-01-09 18:17:26.092 DEBUG [main] o.s.w.s.h.BeanNameUrlHandlerMapping - Rejected bean name 'spring.transaction-org.springframework.boot.autoconfigure.transaction.TransactionProperties': no URL paths identified
【xkcoding】2019-01-09 18:17:26.092 DEBUG [main] o.s.w.s.h.BeanNameUrlHandlerMapping - Rejected bean name 'org.springframework.boot.autoconfigure.security.SecurityFilterAutoConfiguration': no URL paths identified
【xkcoding】2019-01-09 18:17:26.092 DEBUG [main] o.s.w.s.h.BeanNameUrlHandlerMapping - Rejected bean name 'securityFilterChainRegistration': no URL paths identified
【xkcoding】2019-01-09 18:17:26.092 DEBUG [main] o.s.w.s.h.BeanNameUrlHandlerMapping - Rejected bean name 'org.springframework.boot.autoconfigure.web.HttpEncodingAutoConfiguration': no URL paths identified
【xkcoding】2019-01-09 18:17:26.092 DEBUG [main] o.s.w.s.h.BeanNameUrlHandlerMapping - Rejected bean name 'characterEncodingFilter': no URL paths identified
【xkcoding】2019-01-09 18:17:26.092 DEBUG [main] o.s.w.s.h.BeanNameUrlHandlerMapping - Rejected bean name 'localeCharsetMappingsCustomizer': no URL paths identified
【xkcoding】2019-01-09 18:17:26.092 DEBUG [main] o.s.w.s.h.BeanNameUrlHandlerMapping - Rejected bean name 'org.springframework.boot.autoconfigure.web.MultipartAutoConfiguration': no URL paths identified
【xkcoding】2019-01-09 18:17:26.092 DEBUG [main] o.s.w.s.h.BeanNameUrlHandlerMapping - Rejected bean name 'multipartConfigElement': no URL paths identified
【xkcoding】2019-01-09 18:17:26.092 DEBUG [main] o.s.w.s.h.BeanNameUrlHandlerMapping - Rejected bean name 'multipartResolver': no URL paths identified
【xkcoding】2019-01-09 18:17:26.092 DEBUG [main] o.s.w.s.h.BeanNameUrlHandlerMapping - Rejected bean name 'spring.http.multipart-org.springframework.boot.autoconfigure.web.MultipartProperties': no URL paths identified
【xkcoding】2019-01-09 18:17:26.092 DEBUG [main] o.s.w.s.h.BeanNameUrlHandlerMapping - Rejected bean name 'org.springframework.boot.autoconfigure.web.ServerPropertiesAutoConfiguration': no URL paths identified
【xkcoding】2019-01-09 18:17:26.092 DEBUG [main] o.s.w.s.h.BeanNameUrlHandlerMapping - Rejected bean name 'serverProperties': no URL paths identified
【xkcoding】2019-01-09 18:17:26.092 DEBUG [main] o.s.w.s.h.BeanNameUrlHandlerMapping - Rejected bean name 'duplicateServerPropertiesDetector': no URL paths identified
【xkcoding】2019-01-09 18:17:26.092 DEBUG [main] o.s.w.s.h.BeanNameUrlHandlerMapping - Rejected bean name 'org.springframework.boot.autoconfigure.web.WebClientAutoConfiguration$RestTemplateConfiguration': no URL paths identified
【xkcoding】2019-01-09 18:17:26.092 DEBUG [main] o.s.w.s.h.BeanNameUrlHandlerMapping - Rejected bean name 'restTemplateBuilder': no URL paths identified
【xkcoding】2019-01-09 18:17:26.092 DEBUG [main] o.s.w.s.h.BeanNameUrlHandlerMapping - Rejected bean name 'org.springframework.boot.autoconfigure.web.WebClientAutoConfiguration': no URL paths identified
【xkcoding】2019-01-09 18:17:26.092 DEBUG [main] o.s.w.s.h.BeanNameUrlHandlerMapping - Rejected bean name 'autoConfigurationReport': no URL paths identified
【xkcoding】2019-01-09 18:17:26.092 DEBUG [main] o.s.w.s.h.BeanNameUrlHandlerMapping - Rejected bean name 'springApplicationArguments': no URL paths identified
【xkcoding】2019-01-09 18:17:26.092 DEBUG [main] o.s.w.s.h.BeanNameUrlHandlerMapping - Rejected bean name 'springBootBanner': no URL paths identified
【xkcoding】2019-01-09 18:17:26.092 DEBUG [main] o.s.w.s.h.BeanNameUrlHandlerMapping - Rejected bean name 'springBootLoggingSystem': no URL paths identified
【xkcoding】2019-01-09 18:17:26.092 DEBUG [main] o.s.w.s.h.BeanNameUrlHandlerMapping - Rejected bean name 'environment': no URL paths identified
【xkcoding】2019-01-09 18:17:26.092 DEBUG [main] o.s.w.s.h.BeanNameUrlHandlerMapping - Rejected bean name 'systemProperties': no URL paths identified
【xkcoding】2019-01-09 18:17:26.092 DEBUG [main] o.s.w.s.h.BeanNameUrlHandlerMapping - Rejected bean name 'systemEnvironment': no URL paths identified
【xkcoding】2019-01-09 18:17:26.092 DEBUG [main] o.s.w.s.h.BeanNameUrlHandlerMapping - Rejected bean name 'org.springframework.context.annotation.ConfigurationClassPostProcessor.importRegistry': no URL paths identified
【xkcoding】2019-01-09 18:17:26.092 DEBUG [main] o.s.w.s.h.BeanNameUrlHandlerMapping - Rejected bean name 'messageSource': no URL paths identified
【xkcoding】2019-01-09 18:17:26.092 DEBUG [main] o.s.w.s.h.BeanNameUrlHandlerMapping - Rejected bean name 'applicationEventMulticaster': no URL paths identified
【xkcoding】2019-01-09 18:17:26.093 DEBUG [main] o.s.w.s.h.BeanNameUrlHandlerMapping - Rejected bean name 'servletContext': no URL paths identified
【xkcoding】2019-01-09 18:17:26.093 DEBUG [main] o.s.w.s.h.BeanNameUrlHandlerMapping - Rejected bean name 'contextParameters': no URL paths identified
【xkcoding】2019-01-09 18:17:26.093 DEBUG [main] o.s.w.s.h.BeanNameUrlHandlerMapping - Rejected bean name 'contextAttributes': no URL paths identified
【xkcoding】2019-01-09 18:17:26.102 INFO  [main] o.s.w.s.h.SimpleUrlHandlerMapping - Mapped URL path [/webjars/**] onto handler of type [class org.springframework.web.servlet.resource.ResourceHttpRequestHandler]
【xkcoding】2019-01-09 18:17:26.102 INFO  [main] o.s.w.s.h.SimpleUrlHandlerMapping - Mapped URL path [/**] onto handler of type [class org.springframework.web.servlet.resource.ResourceHttpRequestHandler]
【xkcoding】2019-01-09 18:17:26.113 DEBUG [main] o.s.w.s.m.m.a.ExceptionHandlerExceptionResolver - Looking for exception mappings: org.springframework.boot.context.embedded.AnnotationConfigEmbeddedWebApplicationContext@692f203f: startup date [Wed Jan 09 18:17:15 CST 2019]; root of context hierarchy
【xkcoding】2019-01-09 18:17:26.133 INFO  [main] o.s.w.s.h.SimpleUrlHandlerMapping - Mapped URL path [/**/favicon.ico] onto handler of type [class org.springframework.web.servlet.resource.ResourceHttpRequestHandler]
【xkcoding】2019-01-09 18:17:26.361 INFO  [main] o.s.j.e.a.AnnotationMBeanExporter - Registering beans for JMX exposure on startup
【xkcoding】2019-01-09 18:17:26.369 DEBUG [main] o.s.w.s.resource.ResourceUrlProvider - Looking for resource handler mappings
【xkcoding】2019-01-09 18:17:26.369 DEBUG [main] o.s.w.s.resource.ResourceUrlProvider - Found resource handler mapping: URL pattern="/**/favicon.ico", locations=[ServletContext resource [/], class path resource [META-INF/resources/], class path resource [resources/], class path resource [static/], class path resource [public/], class path resource []], resolvers=[org.springframework.web.servlet.resource.PathResourceResolver@6e1d4137]
【xkcoding】2019-01-09 18:17:26.369 DEBUG [main] o.s.w.s.resource.ResourceUrlProvider - Found resource handler mapping: URL pattern="/webjars/**", locations=[class path resource [META-INF/resources/webjars/]], resolvers=[org.springframework.web.servlet.resource.PathResourceResolver@256a1825]
【xkcoding】2019-01-09 18:17:26.369 DEBUG [main] o.s.w.s.resource.ResourceUrlProvider - Found resource handler mapping: URL pattern="/**", locations=[ServletContext resource [/], class path resource [META-INF/resources/], class path resource [resources/], class path resource [static/], class path resource [public/]], resolvers=[org.springframework.web.servlet.resource.PathResourceResolver@29a4f594]
【xkcoding】2019-01-09 18:17:26.380 INFO  [main] o.a.coyote.http11.Http11NioProtocol - Initializing ProtocolHandler ["http-nio-8086"]
【xkcoding】2019-01-09 18:17:26.385 INFO  [main] o.a.coyote.http11.Http11NioProtocol - Starting ProtocolHandler ["http-nio-8086"]
【xkcoding】2019-01-09 18:17:26.393 INFO  [main] o.a.tomcat.util.net.NioSelectorPool - Using a shared selector for servlet write/read
【xkcoding】2019-01-09 18:17:26.406 INFO  [main] o.s.b.c.e.t.TomcatEmbeddedServletContainer - Tomcat started on port(s): 8086 (http)
【xkcoding】2019-01-09 18:17:26.407 DEBUG [main] o.s.w.c.s.StandardServletEnvironment - Adding PropertySource 'server.ports' with highest search precedence
【xkcoding】2019-01-09 18:17:26.410 INFO  [main] c.e.security.SecurityApplication - Started SecurityApplication in 11.106 seconds (JVM running for 12.552)
【xkcoding】2019-01-09 18:17:33.780 DEBUG [http-nio-8086-exec-1] o.s.web.servlet.DispatcherServlet - Initializing servlet 'dispatcherServlet'
【xkcoding】2019-01-09 18:17:33.781 INFO  [http-nio-8086-exec-1] o.a.c.c.C.[Tomcat].[localhost].[/] - Initializing Spring FrameworkServlet 'dispatcherServlet'
【xkcoding】2019-01-09 18:17:33.781 INFO  [http-nio-8086-exec-1] o.s.web.servlet.DispatcherServlet - FrameworkServlet 'dispatcherServlet': initialization started
【xkcoding】2019-01-09 18:17:33.781 DEBUG [http-nio-8086-exec-1] o.s.web.servlet.DispatcherServlet - Using MultipartResolver [org.springframework.web.multipart.support.StandardServletMultipartResolver@74f1c68d]
【xkcoding】2019-01-09 18:17:33.785 DEBUG [http-nio-8086-exec-1] o.s.web.servlet.DispatcherServlet - Unable to locate LocaleResolver with name 'localeResolver': using default [org.springframework.web.servlet.i18n.AcceptHeaderLocaleResolver@68e3ff95]
【xkcoding】2019-01-09 18:17:33.789 DEBUG [http-nio-8086-exec-1] o.s.web.servlet.DispatcherServlet - Unable to locate ThemeResolver with name 'themeResolver': using default [org.springframework.web.servlet.theme.FixedThemeResolver@5cc5d70f]
【xkcoding】2019-01-09 18:17:33.793 DEBUG [http-nio-8086-exec-1] o.s.web.servlet.DispatcherServlet - Unable to locate RequestToViewNameTranslator with name 'viewNameTranslator': using default [org.springframework.web.servlet.view.DefaultRequestToViewNameTranslator@182a91da]
【xkcoding】2019-01-09 18:17:33.799 DEBUG [http-nio-8086-exec-1] o.s.web.servlet.DispatcherServlet - Unable to locate FlashMapManager with name 'flashMapManager': using default [org.springframework.web.servlet.support.SessionFlashMapManager@4dd133e5]
【xkcoding】2019-01-09 18:17:33.799 DEBUG [http-nio-8086-exec-1] o.s.web.servlet.DispatcherServlet - Published WebApplicationContext of servlet 'dispatcherServlet' as ServletContext attribute with name [org.springframework.web.servlet.FrameworkServlet.CONTEXT.dispatcherServlet]
【xkcoding】2019-01-09 18:17:33.799 INFO  [http-nio-8086-exec-1] o.s.web.servlet.DispatcherServlet - FrameworkServlet 'dispatcherServlet': initialization completed in 18 ms
【xkcoding】2019-01-09 18:17:33.799 DEBUG [http-nio-8086-exec-1] o.s.web.servlet.DispatcherServlet - Servlet 'dispatcherServlet' configured successfully
【xkcoding】2019-01-09 18:17:33.859 INFO  [http-nio-8086-exec-1] c.e.s.j.JwtAuthenticationTokenFilter - 1111111111
【xkcoding】2019-01-09 18:17:33.859 INFO  [http-nio-8086-exec-1] c.e.s.j.JwtAuthenticationTokenFilter - authHeader：null
【xkcoding】2019-01-09 18:17:33.873 INFO  [http-nio-8086-exec-4] c.e.s.j.JwtAuthenticationTokenFilter - 1111111111
【xkcoding】2019-01-09 18:17:33.873 INFO  [http-nio-8086-exec-4] c.e.s.j.JwtAuthenticationTokenFilter - authHeader：undefined
【xkcoding】2019-01-09 18:17:33.975 INFO  [http-nio-8086-exec-4] c.e.s.j.JwtAuthenticationTokenFilter - null
【xkcoding】2019-01-09 18:17:33.976 DEBUG [http-nio-8086-exec-4] o.s.web.servlet.DispatcherServlet - DispatcherServlet with name 'dispatcherServlet' processing POST request for [/auth/login]
【xkcoding】2019-01-09 18:17:33.977 DEBUG [http-nio-8086-exec-4] o.s.w.s.m.m.a.RequestMappingHandlerMapping - Looking up handler method for path /auth/login
【xkcoding】2019-01-09 18:17:33.978 DEBUG [http-nio-8086-exec-4] o.s.w.s.m.m.a.RequestMappingHandlerMapping - Returning handler method [public com.example.security.util.RetResult com.example.security.controller.AuthController.login(java.util.Map<java.lang.String, java.lang.Object>)]
【xkcoding】2019-01-09 18:17:33.978 DEBUG [http-nio-8086-exec-4] o.s.web.cors.DefaultCorsProcessor - Skip CORS processing: response already contains "Access-Control-Allow-Origin" header
【xkcoding】2019-01-09 18:17:34.083 DEBUG [http-nio-8086-exec-4] o.s.w.s.m.m.a.RequestResponseBodyMethodProcessor - Read [java.util.Map<java.lang.String, java.lang.Object>] as "application/json;charset=UTF-8" with [org.springframework.http.converter.json.MappingJackson2HttpMessageConverter@16c3ca31]
【xkcoding】2019-01-09 18:17:35.131 DEBUG [http-nio-8086-exec-4] c.e.s.m.UserMapper.selectByUserName - ==>  Preparing: select `User`.id,`User`.username,`User`.`password` ,Role.rolename from User LEFT JOIN RoleUser on RoleUser.userId = `User`.id LEFT JOIN Role on Role.id = RoleUser.roleId where User.username = ? 
【xkcoding】2019-01-09 18:17:35.147 DEBUG [http-nio-8086-exec-4] c.e.s.m.UserMapper.selectByUserName - ==> Parameters: admin(String)
【xkcoding】2019-01-09 18:17:35.175 DEBUG [http-nio-8086-exec-4] c.e.s.m.UserMapper.selectByUserName - <==      Total: 1
【xkcoding】2019-01-09 18:17:35.252 DEBUG [http-nio-8086-exec-4] c.e.s.m.UserMapper.selectByUserName - ==>  Preparing: select `User`.id,`User`.username,`User`.`password` ,Role.rolename from User LEFT JOIN RoleUser on RoleUser.userId = `User`.id LEFT JOIN Role on Role.id = RoleUser.roleId where User.username = ? 
【xkcoding】2019-01-09 18:17:35.252 DEBUG [http-nio-8086-exec-4] c.e.s.m.UserMapper.selectByUserName - ==> Parameters: admin(String)
【xkcoding】2019-01-09 18:17:35.263 DEBUG [http-nio-8086-exec-4] c.e.s.m.UserMapper.selectByUserName - <==      Total: 1
【xkcoding】2019-01-09 18:17:35.812 DEBUG [http-nio-8086-exec-4] o.s.w.s.m.m.a.RequestResponseBodyMethodProcessor - Written [com.example.security.util.RetResult@67e65034] as "application/json" using [org.springframework.http.converter.json.MappingJackson2HttpMessageConverter@16c3ca31]
【xkcoding】2019-01-09 18:17:35.812 DEBUG [http-nio-8086-exec-4] o.s.web.servlet.DispatcherServlet - Null ModelAndView returned to DispatcherServlet with name 'dispatcherServlet': assuming HandlerAdapter completed request handling
【xkcoding】2019-01-09 18:17:35.812 DEBUG [http-nio-8086-exec-4] o.s.web.servlet.DispatcherServlet - Successfully completed request
【xkcoding】2019-01-09 18:19:45.392 INFO  [http-nio-8086-exec-2] c.e.s.j.JwtAuthenticationTokenFilter - 1111111111
【xkcoding】2019-01-09 18:19:45.393 INFO  [http-nio-8086-exec-2] c.e.s.j.JwtAuthenticationTokenFilter - authHeader：null
【xkcoding】2019-01-09 18:19:45.396 INFO  [http-nio-8086-exec-3] c.e.s.j.JwtAuthenticationTokenFilter - 1111111111
【xkcoding】2019-01-09 18:19:45.396 INFO  [http-nio-8086-exec-3] c.e.s.j.JwtAuthenticationTokenFilter - authHeader：undefined
【xkcoding】2019-01-09 18:19:45.396 INFO  [http-nio-8086-exec-3] c.e.s.j.JwtAuthenticationTokenFilter - null
【xkcoding】2019-01-09 18:19:45.397 DEBUG [http-nio-8086-exec-3] o.s.web.servlet.DispatcherServlet - DispatcherServlet with name 'dispatcherServlet' processing POST request for [/auth/login]
【xkcoding】2019-01-09 18:19:45.397 DEBUG [http-nio-8086-exec-3] o.s.w.s.m.m.a.RequestMappingHandlerMapping - Looking up handler method for path /auth/login
【xkcoding】2019-01-09 18:19:45.397 DEBUG [http-nio-8086-exec-3] o.s.w.s.m.m.a.RequestMappingHandlerMapping - Returning handler method [public com.example.security.util.RetResult com.example.security.controller.AuthController.login(java.util.Map<java.lang.String, java.lang.Object>)]
【xkcoding】2019-01-09 18:19:45.397 DEBUG [http-nio-8086-exec-3] o.s.web.cors.DefaultCorsProcessor - Skip CORS processing: response already contains "Access-Control-Allow-Origin" header
【xkcoding】2019-01-09 18:19:45.397 DEBUG [http-nio-8086-exec-3] o.s.w.s.m.m.a.RequestResponseBodyMethodProcessor - Read [java.util.Map<java.lang.String, java.lang.Object>] as "application/json;charset=UTF-8" with [org.springframework.http.converter.json.MappingJackson2HttpMessageConverter@16c3ca31]
【xkcoding】2019-01-09 18:19:45.414 DEBUG [http-nio-8086-exec-3] c.e.s.m.UserMapper.selectByUserName - ==>  Preparing: select `User`.id,`User`.username,`User`.`password` ,Role.rolename from User LEFT JOIN RoleUser on RoleUser.userId = `User`.id LEFT JOIN Role on Role.id = RoleUser.roleId where User.username = ? 
【xkcoding】2019-01-09 18:19:45.414 DEBUG [http-nio-8086-exec-3] c.e.s.m.UserMapper.selectByUserName - ==> Parameters: admin(String)
【xkcoding】2019-01-09 18:19:45.424 DEBUG [http-nio-8086-exec-3] c.e.s.m.UserMapper.selectByUserName - <==      Total: 1
【xkcoding】2019-01-09 18:19:45.498 DEBUG [http-nio-8086-exec-3] c.e.s.m.UserMapper.selectByUserName - ==>  Preparing: select `User`.id,`User`.username,`User`.`password` ,Role.rolename from User LEFT JOIN RoleUser on RoleUser.userId = `User`.id LEFT JOIN Role on Role.id = RoleUser.roleId where User.username = ? 
【xkcoding】2019-01-09 18:19:45.499 DEBUG [http-nio-8086-exec-3] c.e.s.m.UserMapper.selectByUserName - ==> Parameters: admin(String)
【xkcoding】2019-01-09 18:19:45.509 DEBUG [http-nio-8086-exec-3] c.e.s.m.UserMapper.selectByUserName - <==      Total: 1
【xkcoding】2019-01-09 18:19:45.512 DEBUG [http-nio-8086-exec-3] o.s.w.s.m.m.a.RequestResponseBodyMethodProcessor - Written [com.example.security.util.RetResult@48f618d] as "application/json" using [org.springframework.http.converter.json.MappingJackson2HttpMessageConverter@16c3ca31]
【xkcoding】2019-01-09 18:19:45.512 DEBUG [http-nio-8086-exec-3] o.s.web.servlet.DispatcherServlet - Null ModelAndView returned to DispatcherServlet with name 'dispatcherServlet': assuming HandlerAdapter completed request handling
【xkcoding】2019-01-09 18:19:45.512 DEBUG [http-nio-8086-exec-3] o.s.web.servlet.DispatcherServlet - Successfully completed request
【xkcoding】2019-01-09 18:21:44.002 INFO  [http-nio-8086-exec-7] c.e.s.j.JwtAuthenticationTokenFilter - 1111111111
【xkcoding】2019-01-09 18:21:44.002 INFO  [http-nio-8086-exec-7] c.e.s.j.JwtAuthenticationTokenFilter - authHeader：null
【xkcoding】2019-01-09 18:21:44.005 INFO  [http-nio-8086-exec-8] c.e.s.j.JwtAuthenticationTokenFilter - 1111111111
【xkcoding】2019-01-09 18:21:44.005 INFO  [http-nio-8086-exec-8] c.e.s.j.JwtAuthenticationTokenFilter - authHeader：undefined
【xkcoding】2019-01-09 18:21:44.006 INFO  [http-nio-8086-exec-8] c.e.s.j.JwtAuthenticationTokenFilter - null
【xkcoding】2019-01-09 18:21:44.006 DEBUG [http-nio-8086-exec-8] o.s.web.servlet.DispatcherServlet - DispatcherServlet with name 'dispatcherServlet' processing POST request for [/auth/login]
【xkcoding】2019-01-09 18:21:44.006 DEBUG [http-nio-8086-exec-8] o.s.w.s.m.m.a.RequestMappingHandlerMapping - Looking up handler method for path /auth/login
【xkcoding】2019-01-09 18:21:44.006 DEBUG [http-nio-8086-exec-8] o.s.w.s.m.m.a.RequestMappingHandlerMapping - Returning handler method [public com.example.security.util.RetResult com.example.security.controller.AuthController.login(java.util.Map<java.lang.String, java.lang.Object>)]
【xkcoding】2019-01-09 18:21:44.007 DEBUG [http-nio-8086-exec-8] o.s.web.cors.DefaultCorsProcessor - Skip CORS processing: response already contains "Access-Control-Allow-Origin" header
【xkcoding】2019-01-09 18:21:44.007 DEBUG [http-nio-8086-exec-8] o.s.w.s.m.m.a.RequestResponseBodyMethodProcessor - Read [java.util.Map<java.lang.String, java.lang.Object>] as "application/json;charset=UTF-8" with [org.springframework.http.converter.json.MappingJackson2HttpMessageConverter@16c3ca31]
【xkcoding】2019-01-09 18:21:44.019 DEBUG [http-nio-8086-exec-8] c.e.s.m.UserMapper.selectByUserName - ==>  Preparing: select `User`.id,`User`.username,`User`.`password` ,Role.rolename from User LEFT JOIN RoleUser on RoleUser.userId = `User`.id LEFT JOIN Role on Role.id = RoleUser.roleId where User.username = ? 
【xkcoding】2019-01-09 18:21:44.019 DEBUG [http-nio-8086-exec-8] c.e.s.m.UserMapper.selectByUserName - ==> Parameters: admin(String)
【xkcoding】2019-01-09 18:21:44.030 DEBUG [http-nio-8086-exec-8] c.e.s.m.UserMapper.selectByUserName - <==      Total: 1
【xkcoding】2019-01-09 18:21:44.105 DEBUG [http-nio-8086-exec-8] c.e.s.m.UserMapper.selectByUserName - ==>  Preparing: select `User`.id,`User`.username,`User`.`password` ,Role.rolename from User LEFT JOIN RoleUser on RoleUser.userId = `User`.id LEFT JOIN Role on Role.id = RoleUser.roleId where User.username = ? 
【xkcoding】2019-01-09 18:21:44.105 DEBUG [http-nio-8086-exec-8] c.e.s.m.UserMapper.selectByUserName - ==> Parameters: admin(String)
【xkcoding】2019-01-09 18:21:44.118 DEBUG [http-nio-8086-exec-8] c.e.s.m.UserMapper.selectByUserName - <==      Total: 1
【xkcoding】2019-01-09 18:21:44.123 DEBUG [http-nio-8086-exec-8] o.s.w.s.m.m.a.RequestResponseBodyMethodProcessor - Written [com.example.security.util.RetResult@7b1e2612] as "application/json" using [org.springframework.http.converter.json.MappingJackson2HttpMessageConverter@16c3ca31]
【xkcoding】2019-01-09 18:21:44.123 DEBUG [http-nio-8086-exec-8] o.s.web.servlet.DispatcherServlet - Null ModelAndView returned to DispatcherServlet with name 'dispatcherServlet': assuming HandlerAdapter completed request handling
【xkcoding】2019-01-09 18:21:44.123 DEBUG [http-nio-8086-exec-8] o.s.web.servlet.DispatcherServlet - Successfully completed request
